The C compiler identification could not be found in "/mnt/c/projects/clion/unitTests/cmake-build-debug-coverage/CMakeFiles/3.16.3/CompilerIdC/CMakeCCompilerId.gcno"

The CXX compiler identification could not be found in "/mnt/c/projects/clion/unitTests/cmake-build-debug-coverage/CMakeFiles/3.16.3/CompilerIdCXX/CMakeCXXCompilerId.gcno"

Performing C SOURCE FILE Test CMAKE_HAVE_LIBC_PTHREAD failed with the following output:
Change Dir: /mnt/c/projects/clion/unitTests/cmake-build-debug-coverage/CMakeFiles/CMakeTmp

Run Build Command(s):/usr/bin/make cmTC_bdcfd/fast && /usr/bin/make -f CMakeFiles/cmTC_bdcfd.dir/build.make CMakeFiles/cmTC_bdcfd.dir/build
make[1]: Entering directory '/mnt/c/projects/clion/unitTests/cmake-build-debug-coverage/CMakeFiles/CMakeTmp'
Building C object CMakeFiles/cmTC_bdcfd.dir/src.c.o
/usr/bin/cc   --coverage -DCMAKE_HAVE_LIBC_PTHREAD   -o CMakeFiles/cmTC_bdcfd.dir/src.c.o   -c /mnt/c/projects/clion/unitTests/cmake-build-debug-coverage/CMakeFiles/CMakeTmp/src.c
Linking C executable cmTC_bdcfd
/usr/bin/cmake -E cmake_link_script CMakeFiles/cmTC_bdcfd.dir/link.txt --verbose=1
/usr/bin/cc --coverage -DCMAKE_HAVE_LIBC_PTHREAD    CMakeFiles/cmTC_bdcfd.dir/src.c.o  -o cmTC_bdcfd 
/usr/bin/ld: CMakeFiles/cmTC_bdcfd.dir/src.c.o: in function `main':
src.c:(.text+0x6a): undefined reference to `pthread_create'
/usr/bin/ld: src.c:(.text+0x88): undefined reference to `pthread_detach'
/usr/bin/ld: src.c:(.text+0xab): undefined reference to `pthread_join'
collect2: error: ld returned 1 exit status
make[1]: *** [CMakeFiles/cmTC_bdcfd.dir/build.make:87: cmTC_bdcfd] Error 1
make[1]: Leaving directory '/mnt/c/projects/clion/unitTests/cmake-build-debug-coverage/CMakeFiles/CMakeTmp'
make: *** [Makefile:121: cmTC_bdcfd/fast] Error 2


Source file was:
#include <pthread.h>

void* test_func(void* data)
{
  return data;
}

int main(void)
{
  pthread_t thread;
  pthread_create(&thread, NULL, test_func, NULL);
  pthread_detach(thread);
  pthread_join(thread, NULL);
  pthread_atfork(NULL, NULL, NULL);
  pthread_exit(NULL);

  return 0;
}

Determining if the function pthread_create exists in the pthreads failed with the following output:
Change Dir: /mnt/c/projects/clion/unitTests/cmake-build-debug-coverage/CMakeFiles/CMakeTmp

Run Build Command(s):/usr/bin/make cmTC_1934a/fast && /usr/bin/make -f CMakeFiles/cmTC_1934a.dir/build.make CMakeFiles/cmTC_1934a.dir/build
make[1]: Entering directory '/mnt/c/projects/clion/unitTests/cmake-build-debug-coverage/CMakeFiles/CMakeTmp'
Building C object CMakeFiles/cmTC_1934a.dir/CheckFunctionExists.c.o
/usr/bin/cc   --coverage -DCHECK_FUNCTION_EXISTS=pthread_create   -o CMakeFiles/cmTC_1934a.dir/CheckFunctionExists.c.o   -c /usr/share/cmake-3.16/Modules/CheckFunctionExists.c
Linking C executable cmTC_1934a
/usr/bin/cmake -E cmake_link_script CMakeFiles/cmTC_1934a.dir/link.txt --verbose=1
/usr/bin/cc --coverage -DCHECK_FUNCTION_EXISTS=pthread_create    CMakeFiles/cmTC_1934a.dir/CheckFunctionExists.c.o  -o cmTC_1934a  -lpthreads 
/usr/bin/ld: cannot find -lpthreads
collect2: error: ld returned 1 exit status
make[1]: *** [CMakeFiles/cmTC_1934a.dir/build.make:87: cmTC_1934a] Error 1
make[1]: Leaving directory '/mnt/c/projects/clion/unitTests/cmake-build-debug-coverage/CMakeFiles/CMakeTmp'
make: *** [Makefile:121: cmTC_1934a/fast] Error 2



